

***********************************************************************
Fatal NI connect error 12541, connecting to:
 (DESCRIPTION=(CONNECT_DATA=(SID=*)(SERVICE_NAME=amun.)(CID=(PROGRAM=)(HOST=marvin)(USER=ingmar)))(ADDRESS=(PROTOCOL=TCP)(HOST=amun)(PORT=1521)))

  VERSION INFORMATION:
	TNS for Linux: Version 9.2.0.5.0 - Production
	TCP/IP NT Protocol Adapter for Linux: Version 9.2.0.5.0 - Production
  Time: 02-FEB-2005 15:08:09
  Tracing not turned on.
  Tns error struct:
    nr err code: 0
    ns main err code: 12541
    TNS-12541: Message 12541 not found; No message file for product=network, facility=TNS
    ns secondary err code: 12560
    nt main err code: 511
    TNS-00511: Message 511 not found; No message file for product=network, facility=TNS
    nt secondary err code: 111
    nt OS err code: 0


***********************************************************************
Fatal NI connect error 12541, connecting to:
 (DESCRIPTION=(CONNECT_DATA=(SID=*)(SERVICE_NAME=amun.)(CID=(PROGRAM=)(HOST=marvin)(USER=ingmar)))(ADDRESS=(PROTOCOL=TCP)(HOST=amun)(PORT=1521)))

  VERSION INFORMATION:
	TNS for Linux: Version 9.2.0.5.0 - Production
	TCP/IP NT Protocol Adapter for Linux: Version 9.2.0.5.0 - Production
  Time: 02-FEB-2005 15:08:09
  Tracing not turned on.
  Tns error struct:
    nr err code: 0
    ns main err code: 12541
    TNS-12541: Message 12541 not found; No message file for product=network, facility=TNS
    ns secondary err code: 12560
    nt main err code: 511
    TNS-00511: Message 511 not found; No message file for product=network, facility=TNS
    nt secondary err code: 111
    nt OS err code: 0
